
                         Lattice Mapping Report File

Design:  lab2_bb
Family:  iCE40UP
Device:  iCE40UP5K
Package: SG48
Performance Grade:  High-Performance_1.2V

Mapper:    version Radiant Software (64-bit) 2024.2.0.3.0
Mapped on: Sun Sep  7 20:35:02 2025

Design Information
------------------

Command line:   map -i e155_lab2_lab2_bb_syn.udb -o e155_lab2_lab2_bb_map.udb
     -mp e155_lab2_lab2_bb.mrp -hierrpt -gui -msgset
     C:/Users/brbownds/Documents/e155_lab2/promote.xml

Design Summary
--------------

   Number of slice registers:   0 out of  5280 (0%)
   Number of I/O registers:      0 out of   117 (0%)
   Number of LUT4s:             1 out of  5280 (<1%)
      Number of logic LUT4s:               1
      Number of ripple logic:              0 (0 LUT4s)
   Number of IO sites used:   13 out of 39 (33%)
      Number of IO sites used for general PIO: 13
      Number of IO sites used for I3C: 0 out of 2 (0%)
      (note: If I3C is not used, its site can be used as general PIO)
      Number of IO sites used for PIO+I3C: 13 out of 36 (36%)
      Number of IO sites used for OD+RGB IO buffers: 0 out of 3 (0%)
      (note: If RGB LED drivers are not used, sites can be used as OD outputs,
       see TN1288 iCE40 LED Driver Usage Guide)
      Number of IO sites used for PIO+I3C+OD+RGB: 13 out of 39 (33%)
   Number of DSPs:             0 out of 8 (0%)
   Number of I2Cs:             0 out of 2 (0%)
   Number of High Speed OSCs:  0 out of 1 (0%)
   Number of Low Speed OSCs:   0 out of 1 (0%)
   Number of RGB PWM:          0 out of 1 (0%)
   Number of RGB Drivers:      0 out of 1 (0%)
   Number of SCL FILTERs:      0 out of 2 (0%)
   Number of SRAMs:            0 out of 4 (0%)
   Number of WARMBOOTs:        0 out of 1 (0%)
   Number of SPIs:             0 out of 2 (0%)
   Number of EBRs:             0 out of 30 (0%)
   Number of PLLs:             0 out of 1 (0%)
   Number of Clocks:  0
   Number of Clock Enables:  0
   Number of LSRs:  0
   Top 10 highest fanout non-clock nets:





   Number of warnings:  18
   Number of criticals: 0
   Number of errors:    0




                                    Page 1





Design Errors/Criticals/Warnings
--------------------------------

WARNING <71003020> - map: Top module port 'reset' does not connect to anything.
WARNING <71003020> - map: Top module port 's0[3]' does not connect to anything.
WARNING <71003020> - map: Top module port 's0[2]' does not connect to anything.
WARNING <71003020> - map: Top module port 's0[1]' does not connect to anything.
WARNING <71003020> - map: Top module port 's0[0]' does not connect to anything.
WARNING <71003020> - map: Top module port 's1[3]' does not connect to anything.
WARNING <71003020> - map: Top module port 's1[2]' does not connect to anything.
WARNING <71003020> - map: Top module port 's1[1]' does not connect to anything.
WARNING <71003020> - map: Top module port 's1[0]' does not connect to anything.
WARNING <71003020> - map: Top module port 'reset' does not connect to anything.
WARNING <71003020> - map: Top module port 's0[3]' does not connect to anything.
WARNING <71003020> - map: Top module port 's0[2]' does not connect to anything.
WARNING <71003020> - map: Top module port 's0[1]' does not connect to anything.
WARNING <71003020> - map: Top module port 's0[0]' does not connect to anything.
WARNING <71003020> - map: Top module port 's1[3]' does not connect to anything.
WARNING <71003020> - map: Top module port 's1[2]' does not connect to anything.
WARNING <71003020> - map: Top module port 's1[1]' does not connect to anything.
WARNING <71003020> - map: Top module port 's1[0]' does not connect to anything.

IO (PIO) Attributes
-------------------

+---------------------+-----------+-----------+-------+-------+-----------+
| IO Name             | Direction | Levelmode |  IO   |  IO   | Special   |
|                     |           |  IO_TYPE  |  REG  |  DDR  | IO Buffer |
+---------------------+-----------+-----------+-------+-------+-----------+
| led[5]              | OUTPUT    |           |       |       |           |
+---------------------+-----------+-----------+-------+-------+-----------+
| led[4]              | OUTPUT    |           |       |       |           |
+---------------------+-----------+-----------+-------+-------+-----------+
| led[3]              | OUTPUT    |           |       |       |           |
+---------------------+-----------+-----------+-------+-------+-----------+
| led[2]              | OUTPUT    |           |       |       |           |
+---------------------+-----------+-----------+-------+-------+-----------+
| led[1]              | OUTPUT    |           |       |       |           |
+---------------------+-----------+-----------+-------+-------+-----------+
| led[0]              | OUTPUT    |           |       |       |           |
+---------------------+-----------+-----------+-------+-------+-----------+
| seg[6]              | OUTPUT    |           |       |       |           |
+---------------------+-----------+-----------+-------+-------+-----------+
| seg[5]              | OUTPUT    |           |       |       |           |
+---------------------+-----------+-----------+-------+-------+-----------+
| seg[4]              | OUTPUT    |           |       |       |           |
+---------------------+-----------+-----------+-------+-------+-----------+
| seg[3]              | OUTPUT    |           |       |       |           |
+---------------------+-----------+-----------+-------+-------+-----------+
| seg[2]              | OUTPUT    |           |       |       |           |
+---------------------+-----------+-----------+-------+-------+-----------+
| seg[1]              | OUTPUT    |           |       |       |           |
+---------------------+-----------+-----------+-------+-------+-----------+
| seg[0]              | OUTPUT    |           |       |       |           |
+---------------------+-----------+-----------+-------+-------+-----------+





                                    Page 2





Removed logic
-------------

Block led_pad[5].vhi_inst was optimized away.

Constraint Summary
------------------

   Total number of constraints: 0
   Total number of constraints dropped: 0

Run Time and Memory Usage
-------------------------

   Total CPU Time: 0 secs
   Total REAL Time: 0 secs
   Peak Memory Usage: 61 MB
Checksum -- map: 9b0199c9652de931be6d657e15b81c1344c696d4










































                                    Page 3


Copyright (c) 1991-1994 by NeoCAD Inc. All rights reserved.
Copyright (c) 1995
     AT&T Corp.   All rights reserved.
Copyright (c) 1995-2001 Lucent
     Technologies Inc.  All rights reserved.
Copyright (c) 2001 Agere Systems
     All rights reserved.
Copyright (c) 2002-2024 Lattice Semiconductor
     Corporation,  All rights reserved.
